autoscan: warning: missing AC_CHECK_FUNCS([setlocale]) wanted by: 
	src/cybergarage/xml/XML.cpp:81
autoscan: warning: missing AC_CHECK_FUNCS([strchr]) wanted by: 
	src/cybergarage/xml/XML.cpp:83
autoscan: warning: missing AC_CHECK_FUNCS([strdup]) wanted by: 
	src/cybergarage/xml/XML.cpp:71
autoscan: warning: missing AC_CHECK_FUNCS([uname]) wanted by: 
	src/cybergarage/http/HTTPServer.cpp:135
	src/cybergarage/upnp/UPnP.cpp:78
autoscan: warning: missing AC_CHECK_HEADERS([fcntl.h]) wanted by: 
	src/cybergarage/net/SocketImp.cpp:17
autoscan: warning: missing AC_CHECK_HEADERS([locale.h]) wanted by: 
	src/cybergarage/xml/XML.cpp:21
autoscan: warning: missing AC_CHECK_HEADERS([sgtty.h]) wanted by: 
	sample/common/InputUtil.cpp:14
autoscan: warning: missing AC_CHECK_HEADERS([termios.h]) wanted by: 
	sample/common/InputUtil.cpp:13
autoscan: warning: missing AC_FUNC_MKTIME wanted by: 
	src/cybergarage/upnp/media/server/object/item/ItemNode.cpp:122
autoscan: warning: missing AC_FUNC_STAT wanted by: 
	src/cybergarage/io/File.cpp:146
	src/cybergarage/io/File.cpp:154
	src/cybergarage/io/File.cpp:166
	src/cybergarage/io/File.cpp:178
autoscan: warning: missing AC_HEADER_DIRENT wanted by: 
	src/cybergarage/io/File.cpp:34
autoscan: warning: missing AC_HEADER_STDBOOL wanted by: 
	include/cybergarage/http/HTTP.h:72
	include/cybergarage/http/HTTP.h:86
	include/cybergarage/http/HTTPHeader.h:49
	include/cybergarage/http/HTTPPacket.h:106
	include/cybergarage/http/HTTPPacket.h:140
	include/cybergarage/http/HTTPPacket.h:248
	include/cybergarage/http/HTTPPacket.h:267
	include/cybergarage/http/HTTPRequest.h:67
	include/cybergarage/http/HTTPRequest.h:69
	include/cybergarage/http/HTTPRequest.h:74
	include/cybergarage/http/HTTPRequest.h:79
	include/cybergarage/http/HTTPRequest.h:84
	include/cybergarage/http/HTTPRequest.h:89
	include/cybergarage/http/HTTPRequest.h:98
	include/cybergarage/http/HTTPRequest.h:132
	include/cybergarage/http/HTTPRequest.h:195
	include/cybergarage/http/HTTPServer.h:52
	include/cybergarage/http/HTTPServer.h:54
	include/cybergarage/http/HTTPServer.h:55
	include/cybergarage/http/HTTPServerList.h:73
	include/cybergarage/http/HTTPSocket.h:75
	include/cybergarage/http/HTTPSocket.h:76
	include/cybergarage/http/HTTPSocket.h:82
	include/cybergarage/http/HTTPSocket.h:83
	include/cybergarage/http/HTTPSocket.h:84
	include/cybergarage/http/HTTPSocket.h:85
	include/cybergarage/io/File.h:92
	include/cybergarage/io/File.h:94
	include/cybergarage/io/File.h:118
	include/cybergarage/io/File.h:135
	include/cybergarage/io/File.h:151
	include/cybergarage/io/File.h:152
	include/cybergarage/net/DatagramSocket.h:30
	include/cybergarage/net/DatagramSocket.h:30
	include/cybergarage/net/DatagramSocket.h:33
	include/cybergarage/net/DatagramSocket.h:33
	include/cybergarage/net/DatagramSocket.h:33
	include/cybergarage/net/HostInterface.h:27
	include/cybergarage/net/HostInterface.h:28
	include/cybergarage/net/HostInterface.h:29
	include/cybergarage/net/HostInterface.h:36
	include/cybergarage/net/HostInterface.h:40
	include/cybergarage/net/HostInterface.h:41
	include/cybergarage/net/HostInterface.h:45
	include/cybergarage/net/MulticastSocket.h:34
	include/cybergarage/net/MulticastSocket.h:36
	include/cybergarage/net/MulticastSocket.h:37
	include/cybergarage/net/Socket.h:33
	include/cybergarage/net/Socket.h:35
	include/cybergarage/net/Socket.h:37
	include/cybergarage/net/SocketImp.h:84
	include/cybergarage/net/SocketImp.h:92
	include/cybergarage/net/SocketImp.h:127
	include/cybergarage/net/URI.h:43
	include/cybergarage/net/URL.h:31
	include/cybergarage/net/URL.h:34
	include/cybergarage/soap/SOAPRequest.h:83
	include/cybergarage/upnp/Action.h:86
	include/cybergarage/upnp/Action.h:202
	include/cybergarage/upnp/Action.h:229
	include/cybergarage/upnp/AllowedValue.h:37
	include/cybergarage/upnp/AllowedValueRange.h:78
	include/cybergarage/upnp/Argument.h:83
	include/cybergarage/upnp/Argument.h:116
	include/cybergarage/upnp/Argument.h:125
	include/cybergarage/upnp/ArgumentList.h:27
	include/cybergarage/upnp/ArgumentList.h:43
	include/cybergarage/upnp/ControlPoint.h:154
	include/cybergarage/upnp/ControlPoint.h:345
	include/cybergarage/upnp/ControlPoint.h:347
	include/cybergarage/upnp/ControlPoint.h:352
	include/cybergarage/upnp/ControlPoint.h:354
	include/cybergarage/upnp/ControlPoint.h:359
	include/cybergarage/upnp/ControlPoint.h:361
	include/cybergarage/upnp/ControlPoint.h:399
	include/cybergarage/upnp/ControlPoint.h:401
	include/cybergarage/upnp/ControlPoint.h:406
	include/cybergarage/upnp/ControlPoint.h:411
	include/cybergarage/upnp/Device.h:55
	include/cybergarage/upnp/Device.h:160
	include/cybergarage/upnp/Device.h:165
	include/cybergarage/upnp/Device.h:232
	include/cybergarage/upnp/Device.h:251
	include/cybergarage/upnp/Device.h:257
	include/cybergarage/upnp/Device.h:266
	include/cybergarage/upnp/Device.h:327
	include/cybergarage/upnp/Device.h:382
	include/cybergarage/upnp/Device.h:510
	include/cybergarage/upnp/Device.h:564
	include/cybergarage/upnp/Device.h:823
	include/cybergarage/upnp/Device.h:824
	include/cybergarage/upnp/Device.h:831
	include/cybergarage/upnp/Device.h:831
	include/cybergarage/upnp/Icon.h:64
	include/cybergarage/upnp/Service.h:94
	include/cybergarage/upnp/Service.h:205
	include/cybergarage/upnp/Service.h:223
	include/cybergarage/upnp/Service.h:244
	include/cybergarage/upnp/Service.h:303
	include/cybergarage/upnp/Service.h:312
	include/cybergarage/upnp/Service.h:395
	include/cybergarage/upnp/Service.h:443
	include/cybergarage/upnp/Service.h:448
	include/cybergarage/upnp/StateVariable.h:102
	include/cybergarage/upnp/StateVariable.h:177
	include/cybergarage/upnp/StateVariable.h:182
	include/cybergarage/upnp/StateVariable.h:249
	include/cybergarage/upnp/StateVariable.h:278
	include/cybergarage/upnp/UPnP.h:59
	include/cybergarage/upnp/control/ActionListener.h:28
	include/cybergarage/upnp/control/ControlRequest.h:49
	include/cybergarage/upnp/control/ControlRequest.h:54
	include/cybergarage/upnp/control/QueryListener.h:28
	include/cybergarage/upnp/device/MAN.h:28
	include/cybergarage/upnp/device/NT.h:28
	include/cybergarage/upnp/device/NTS.h:29
	include/cybergarage/upnp/device/NTS.h:37
	include/cybergarage/upnp/device/ST.h:32
	include/cybergarage/upnp/device/ST.h:44
	include/cybergarage/upnp/device/ST.h:56
	include/cybergarage/upnp/device/ST.h:68
	include/cybergarage/upnp/device/ST.h:80
	include/cybergarage/upnp/device/USN.h:28
	include/cybergarage/upnp/event/NotifyRequest.h:116
	include/cybergarage/upnp/event/SubscriptionRequest.h:101
	include/cybergarage/upnp/event/SubscriptionRequest.h:125
	include/cybergarage/upnp/media/player/MediaPlayer.h:49
	include/cybergarage/upnp/media/player/MediaPlayer.h:50
	include/cybergarage/upnp/media/server/ConnectionManager.h:102
	include/cybergarage/upnp/media/server/ConnectionManager.h:110
	include/cybergarage/upnp/media/server/ContentDirectory.h:188
	include/cybergarage/upnp/media/server/ContentDirectory.h:215
	include/cybergarage/upnp/media/server/ContentDirectory.h:255
	include/cybergarage/upnp/media/server/ContentDirectory.h:257
	include/cybergarage/upnp/media/server/ContentDirectory.h:286
	include/cybergarage/upnp/media/server/ContentDirectory.h:294
	include/cybergarage/upnp/media/server/ContentDirectory.h:302
	include/cybergarage/upnp/media/server/ContentDirectory.h:310
	include/cybergarage/upnp/media/server/ContentDirectory.h:322
	include/cybergarage/upnp/media/server/ContentDirectory.h:330
	include/cybergarage/upnp/media/server/MediaServer.h:99
	include/cybergarage/upnp/media/server/MediaServer.h:134
	include/cybergarage/upnp/media/server/MediaServer.h:141
	include/cybergarage/upnp/media/server/action/BrowseAction.h:68
	include/cybergarage/upnp/media/server/action/BrowseAction.h:74
	include/cybergarage/upnp/media/server/directory/file/FileDirectory.h:61
	include/cybergarage/upnp/media/server/directory/file/FileDirectory.h:86
	include/cybergarage/upnp/media/server/object/ContentNode.h:93
	include/cybergarage/upnp/media/server/object/ContentNode.h:95
	include/cybergarage/upnp/media/server/object/ContentNode.h:103
	include/cybergarage/upnp/media/server/object/ContentNode.h:108
	include/cybergarage/upnp/media/server/object/ContentNode.h:110
	include/cybergarage/upnp/media/server/object/ContentNode.h:128
	include/cybergarage/upnp/media/server/object/ContentNode.h:167
	include/cybergarage/upnp/media/server/object/ContentNode.h:171
	include/cybergarage/upnp/media/server/object/ContentNode.h:175
	include/cybergarage/upnp/media/server/object/ContentNode.h:389
	include/cybergarage/upnp/media/server/object/ContentNodeList.h:26
	include/cybergarage/upnp/media/server/object/ContentNodeList.h:34
	include/cybergarage/upnp/media/server/object/ContentProperty.h:112
	include/cybergarage/upnp/media/server/object/ContentProperty.h:116
	include/cybergarage/upnp/media/server/object/ContentProperty.h:120
	include/cybergarage/upnp/media/server/object/DIDLLiteNode.h:51
	include/cybergarage/upnp/media/server/object/Format.h:47
	include/cybergarage/upnp/media/server/object/container/ContainerNode.h:50
	include/cybergarage/upnp/media/server/object/container/ContainerNode.h:59
	include/cybergarage/upnp/media/server/object/format/DefaultFormat.h:73
	include/cybergarage/upnp/media/server/object/format/GIFFormat.h:40
	include/cybergarage/upnp/media/server/object/format/ImageFormat.h:47
	include/cybergarage/upnp/media/server/object/format/JPEGFormat.h:40
	include/cybergarage/upnp/media/server/object/format/PNGFormat.h:40
	include/cybergarage/upnp/media/server/object/item/ItemNode.h:60
	include/cybergarage/upnp/media/server/object/item/ItemNode.h:69
	include/cybergarage/upnp/media/server/object/item/file/FileItemNode.h:58
	include/cybergarage/upnp/ssdp/HTTPMUSocket.h:67
	include/cybergarage/upnp/ssdp/HTTPMUSocket.h:68
	include/cybergarage/upnp/ssdp/HTTPMUSocket.h:74
	include/cybergarage/upnp/ssdp/HTTPMUSocket.h:80
	include/cybergarage/upnp/ssdp/HTTPMUSocket.h:86
	include/cybergarage/upnp/ssdp/HTTPUSocket.h:55
	include/cybergarage/upnp/ssdp/HTTPUSocket.h:83
	include/cybergarage/upnp/ssdp/HTTPUSocket.h:93
	include/cybergarage/upnp/ssdp/SSDPNotifySocket.h:34
	include/cybergarage/upnp/ssdp/SSDPNotifySocket.h:63
	include/cybergarage/upnp/ssdp/SSDPNotifySocketList.h:67
	include/cybergarage/upnp/ssdp/SSDPPacket.h:188
	include/cybergarage/upnp/ssdp/SSDPPacket.h:196
	include/cybergarage/upnp/ssdp/SSDPPacket.h:202
	include/cybergarage/upnp/ssdp/SSDPPacket.h:208
	include/cybergarage/upnp/ssdp/SSDPPacket.h:239
	include/cybergarage/upnp/ssdp/SSDPSearchResponseSocket.h:65
	include/cybergarage/upnp/ssdp/SSDPSearchResponseSocket.h:75
	include/cybergarage/upnp/ssdp/SSDPSearchResponseSocketList.h:67
	include/cybergarage/upnp/ssdp/SSDPSearchResponseSocketList.h:79
	include/cybergarage/upnp/ssdp/SSDPSearchResponseSocketList.h:121
	include/cybergarage/upnp/ssdp/SSDPSearchResponseSocketList.h:123
	include/cybergarage/upnp/ssdp/SSDPSearchSocket.h:32
	include/cybergarage/upnp/ssdp/SSDPSearchSocketList.h:61
	include/cybergarage/util/Debug.h:29
	include/cybergarage/util/Debug.h:43
	include/cybergarage/util/StringTokenizer.h:29
	include/cybergarage/util/StringTokenizer.h:36
	include/cybergarage/util/StringUtil.h:67
	include/cybergarage/util/StringUtil.h:68
	include/cybergarage/util/StringUtil.h:77
	include/cybergarage/util/StringUtil.h:78
	include/cybergarage/util/StringUtil.h:80
	include/cybergarage/util/StringUtil.h:81
	include/cybergarage/util/StringUtil.h:86
	include/cybergarage/util/StringUtil.h:88
	include/cybergarage/util/StringUtil.h:89
	include/cybergarage/util/StringUtil.h:90
	include/cybergarage/util/StringUtil.h:91
	include/cybergarage/util/StringUtil.h:92
	include/cybergarage/util/StringUtil.h:93
	include/cybergarage/util/Thread.h:35
	include/cybergarage/util/Thread.h:39
	include/cybergarage/util/Thread.h:48
	include/cybergarage/util/Vector.h:31
	include/cybergarage/util/Vector.h:39
	include/cybergarage/util/Vector.h:67
	include/cybergarage/xml/Node.h:121
	include/cybergarage/xml/Node.h:177
	include/cybergarage/xml/Node.h:181
	include/cybergarage/xml/Node.h:185
	include/cybergarage/xml/Node.h:273
	include/cybergarage/xml/Node.h:278
	include/cybergarage/xml/Node.h:282
	include/cybergarage/xml/Node.h:352
	include/cybergarage/xml/Node.h:354
	include/cybergarage/xml/Node.h:362
	sample/clock/ClockDevice.cpp:41
	sample/clock/ClockDevice.cpp:68
	sample/clock/ClockDevice.h:35
	sample/clock/ClockDevice.h:41
	sample/media/server/MediaGate.cpp:42
	sample/media/server/MediaGate.cpp:79
	sample/media/server/MediaGate.cpp:109
	sample/media/server/MediaGate.h:78
	sample/media/server/MediaGate.h:79
	sample/tv/TvDevice.cpp:86
	sample/tv/TvDevice.cpp:111
	sample/tv/TvDevice.cpp:116
	sample/tv/TvDevice.cpp:146
	sample/tv/TvDevice.cpp:155
	sample/tv/TvDevice.cpp:164
	sample/tv/TvDevice.h:84
	sample/tv/TvDevice.h:86
	sample/tv/TvDevice.h:101
	sample/tv/TvDevice.h:102
	src/cybergarage/http/HTTPRequest.cpp:53
	src/cybergarage/http/HTTPRequest.cpp:64
	src/cybergarage/http/HTTPRequest.cpp:117
	src/cybergarage/http/HTTPServer.cpp:53
	src/cybergarage/http/HTTPServer.cpp:75
	src/cybergarage/http/HTTPServer.cpp:82
	src/cybergarage/http/HTTPSocket.cpp:53
	src/cybergarage/http/HTTPSocket.cpp:58
	src/cybergarage/http/HTTPSocket.cpp:72
	src/cybergarage/http/HTTPSocket.cpp:87
	src/cybergarage/http/HTTPSocket.cpp:113
	src/cybergarage/http/HTTPSocket.cpp:118
	src/cybergarage/io/File.cpp:49
	src/cybergarage/io/File.cpp:90
	src/cybergarage/io/File.cpp:163
	src/cybergarage/io/File.cpp:175
	src/cybergarage/io/File.cpp:191
	src/cybergarage/net/DatagramSocket.cpp:32
	src/cybergarage/net/DatagramSocket.cpp:32
	src/cybergarage/net/DatagramSocket.cpp:46
	src/cybergarage/net/DatagramSocket.cpp:46
	src/cybergarage/net/DatagramSocket.cpp:46
	src/cybergarage/net/DatagramSocket.cpp:139
	src/cybergarage/net/HostInterface.cpp:39
	src/cybergarage/net/HostInterface.cpp:40
	src/cybergarage/net/HostInterface.cpp:41
	src/cybergarage/net/HostInterface.cpp:72
	src/cybergarage/net/HostInterface.cpp:230
	src/cybergarage/net/HostInterface.cpp:303
	src/cybergarage/net/MulticastSocket.cpp:43
	src/cybergarage/net/MulticastSocket.cpp:52
	src/cybergarage/net/MulticastSocket.cpp:67
	src/cybergarage/net/Socket.cpp:48
	src/cybergarage/net/Socket.cpp:83
	src/cybergarage/net/Socket.cpp:101
	src/cybergarage/net/SocketImp.cpp:81
	src/cybergarage/net/SocketImp.cpp:94
	src/cybergarage/net/SocketImp.cpp:147
	src/cybergarage/net/URI.cpp:114
	src/cybergarage/net/URL.cpp:33
	src/cybergarage/net/URL.cpp:53
	src/cybergarage/upnp/Action.cpp:142
	src/cybergarage/upnp/Action.cpp:168
	src/cybergarage/upnp/ControlPoint.cpp:298
	src/cybergarage/upnp/ControlPoint.cpp:316
	src/cybergarage/upnp/ControlPoint.cpp:331
	src/cybergarage/upnp/ControlPoint.cpp:350
	src/cybergarage/upnp/ControlPoint.cpp:357
	src/cybergarage/upnp/ControlPoint.cpp:393
	src/cybergarage/upnp/ControlPoint.cpp:458
	src/cybergarage/upnp/Device.cpp:121
	src/cybergarage/upnp/Device.cpp:135
	src/cybergarage/upnp/Device.cpp:180
	src/cybergarage/upnp/Device.cpp:222
	src/cybergarage/upnp/Device.cpp:235
	src/cybergarage/upnp/Device.cpp:906
	src/cybergarage/upnp/Device.cpp:954
	src/cybergarage/upnp/Device.cpp:954
	src/cybergarage/upnp/Service.cpp:250
	src/cybergarage/upnp/Service.cpp:352
	src/cybergarage/upnp/Service.cpp:356
	src/cybergarage/upnp/StateVariable.cpp:169
	src/cybergarage/upnp/StateVariable.cpp:195
	src/cybergarage/upnp/UPnP.cpp:178
	src/cybergarage/upnp/event/NotifyRequest.cpp:45
	src/cybergarage/upnp/media/player/MediaPlayer.cpp:52
	src/cybergarage/upnp/media/player/MediaPlayer.cpp:57
	src/cybergarage/upnp/media/server/ConnectionManager.cpp:80
	src/cybergarage/upnp/media/server/ConnectionManager.cpp:137
	src/cybergarage/upnp/media/server/ContentDirectory.cpp:164
	src/cybergarage/upnp/media/server/ContentDirectory.cpp:178
	src/cybergarage/upnp/media/server/ContentDirectory.cpp:196
	src/cybergarage/upnp/media/server/ContentDirectory.cpp:236
	src/cybergarage/upnp/media/server/ContentDirectory.cpp:249
	src/cybergarage/upnp/media/server/ContentDirectory.cpp:276
	src/cybergarage/upnp/media/server/ContentDirectory.cpp:334
	src/cybergarage/upnp/media/server/ContentDirectory.cpp:357
	src/cybergarage/upnp/media/server/ContentDirectory.cpp:407
	src/cybergarage/upnp/media/server/directory/file/FileDirectory.cpp:42
	src/cybergarage/upnp/media/server/directory/file/FileDirectory.cpp:156
	src/cybergarage/upnp/media/server/directory/file/FileDirectory.cpp:181
	src/cybergarage/upnp/media/server/object/ContentNode.cpp:49
	src/cybergarage/upnp/media/server/object/ContentNode.cpp:56
	src/cybergarage/upnp/media/server/object/ContentNode.cpp:67
	src/cybergarage/upnp/media/server/object/ContentNode.cpp:78
	src/cybergarage/upnp/media/server/object/ContentNode.cpp:154
	src/cybergarage/upnp/media/server/object/container/ContainerNode.cpp:58
	src/cybergarage/upnp/media/server/object/container/ContainerNode.cpp:79
	src/cybergarage/upnp/media/server/object/container/ContainerNode.cpp:81
	src/cybergarage/upnp/media/server/object/format/GIFFormat.cpp:38
	src/cybergarage/upnp/media/server/object/format/JPEGFormat.cpp:38
	src/cybergarage/upnp/media/server/object/format/PNGFormat.cpp:38
	src/cybergarage/upnp/media/server/object/item/ItemNode.cpp:62
	src/cybergarage/upnp/media/server/object/item/ItemNode.cpp:82
	src/cybergarage/upnp/ssdp/HTTPMUSocket.cpp:27
	src/cybergarage/upnp/ssdp/HTTPMUSocket.cpp:44
	src/cybergarage/upnp/ssdp/HTTPMUSocket.cpp:55
	src/cybergarage/upnp/ssdp/HTTPUSocket.cpp:28
	src/cybergarage/upnp/ssdp/SSDPNotifySocket.cpp:68
	src/cybergarage/util/Debug.cpp:20
	src/cybergarage/util/StringTokenizer.cpp:53
	src/cybergarage/util/StringUtil.cpp:172
	src/cybergarage/util/StringUtil.cpp:181
	src/cybergarage/util/StringUtil.cpp:295
	src/cybergarage/util/StringUtil.cpp:337
	src/cybergarage/util/StringUtil.cpp:359
	src/cybergarage/util/StringUtil.cpp:368
	src/cybergarage/util/StringUtil.cpp:379
	src/cybergarage/util/StringUtil.cpp:389
	src/cybergarage/util/StringUtil.cpp:403
	src/cybergarage/util/Thread.cpp:78
	src/cybergarage/util/Thread.cpp:83
	src/cybergarage/xml/Node.cpp:43
	include/cybergarage/http/HTTPHeader.h:52
	include/cybergarage/http/HTTPPacket.h:108
	include/cybergarage/http/HTTPPacket.h:142
	include/cybergarage/http/HTTPPacket.h:250
	include/cybergarage/http/HTTPPacket.h:269
	include/cybergarage/http/HTTPRequest.h:98
	include/cybergarage/http/HTTPServerList.h:80
	include/cybergarage/http/HTTPServerList.h:83
	include/cybergarage/net/DatagramSocket.h:30
	include/cybergarage/net/DatagramSocket.h:33
	include/cybergarage/soap/SOAPRequest.h:87
	include/cybergarage/soap/SOAPRequest.h:93
	include/cybergarage/soap/SOAPRequest.h:164
	include/cybergarage/upnp/Action.h:91
	include/cybergarage/upnp/Argument.h:120
	include/cybergarage/upnp/ControlPoint.h:156
	include/cybergarage/upnp/Device.h:236
	include/cybergarage/upnp/Device.h:268
	include/cybergarage/upnp/Device.h:282
	include/cybergarage/upnp/Device.h:346
	include/cybergarage/upnp/Device.h:514
	include/cybergarage/upnp/Device.h:517
	include/cybergarage/upnp/Device.h:567
	include/cybergarage/upnp/Device.h:575
	include/cybergarage/upnp/Device.h:668
	include/cybergarage/upnp/Device.h:711
	include/cybergarage/upnp/Device.h:725
	include/cybergarage/upnp/Service.h:305
	include/cybergarage/upnp/Service.h:315
	include/cybergarage/upnp/Service.h:321
	include/cybergarage/upnp/Service.h:407
	include/cybergarage/upnp/StateVariable.h:186
	include/cybergarage/upnp/StateVariable.h:190
	include/cybergarage/upnp/control/ActionRequest.h:61
	include/cybergarage/upnp/control/QueryRequest.h:58
	include/cybergarage/upnp/control/QueryRequest.h:63
	include/cybergarage/upnp/control/QueryResponse.h:56
	include/cybergarage/upnp/control/QueryResponse.h:61
	include/cybergarage/upnp/device/MAN.h:31
	include/cybergarage/upnp/device/NT.h:31
	include/cybergarage/upnp/device/NTS.h:32
	include/cybergarage/upnp/device/NTS.h:40
	include/cybergarage/upnp/device/ST.h:35
	include/cybergarage/upnp/device/ST.h:47
	include/cybergarage/upnp/device/ST.h:59
	include/cybergarage/upnp/device/ST.h:71
	include/cybergarage/upnp/device/ST.h:83
	include/cybergarage/upnp/device/USN.h:31
	include/cybergarage/upnp/event/SubscriptionRequest.h:105
	include/cybergarage/upnp/event/SubscriptionRequest.h:129
	include/cybergarage/upnp/media/server/action/BrowseAction.h:71
	include/cybergarage/upnp/media/server/action/BrowseAction.h:77
	include/cybergarage/upnp/media/server/object/ContentNode.h:179
	include/cybergarage/upnp/media/server/object/ContentProperty.h:124
	include/cybergarage/upnp/media/server/object/item/file/FileItemNode.h:61
	include/cybergarage/upnp/ssdp/SSDPPacket.h:241
	include/cybergarage/upnp/ssdp/SSDPSearchResponseSocketList.h:133
	include/cybergarage/upnp/ssdp/SSDPSearchResponseSocketList.h:134
	include/cybergarage/util/Debug.h:40
	include/cybergarage/util/StringUtil.h:67
	include/cybergarage/util/StringUtil.h:68
	include/cybergarage/util/Vector.h:34
	include/cybergarage/util/Vector.h:43
	include/cybergarage/util/Vector.h:70
	include/cybergarage/xml/Node.h:123
	include/cybergarage/xml/Node.h:189
	include/cybergarage/xml/Node.h:286
	sample/clock/ClockDevice.cpp:61
	sample/media/server/MediaGate.cpp:42
	sample/media/server/MediaGate.cpp:85
	sample/media/server/MediaGate.cpp:89
	sample/media/server/MediaGate.cpp:93
	sample/media/serverdump/serverdump.cpp:99
	sample/tv/TvDevice.cpp:93
	sample/tv/TvDevice.cpp:97
	sample/tv/TvDevice.cpp:115
	sample/tv/TvDevice.cpp:117
	sample/tv/TvDevice.cpp:148
	sample/tv/TvDevice.cpp:164
	src/cybergarage/http/HTTPHeader.cpp:32
	src/cybergarage/http/HTTPHeader.cpp:75
	src/cybergarage/http/HTTPHeader.cpp:81
	src/cybergarage/http/HTTPHeader.cpp:93
	src/cybergarage/http/HTTPPacket.cpp:92
	src/cybergarage/http/HTTPPacket.cpp:245
	src/cybergarage/http/HTTPPacket.cpp:252
	src/cybergarage/http/HTTPRequest.cpp:67
	src/cybergarage/http/HTTPRequest.cpp:120
	src/cybergarage/http/HTTPRequest.cpp:121
	src/cybergarage/http/HTTPRequest.cpp:123
	src/cybergarage/http/HTTPRequest.cpp:124
	src/cybergarage/http/HTTPRequest.cpp:126
	src/cybergarage/http/HTTPRequest.cpp:127
	src/cybergarage/http/HTTPRequest.cpp:156
	src/cybergarage/http/HTTPServer.cpp:58
	src/cybergarage/http/HTTPServer.cpp:61
	src/cybergarage/http/HTTPServer.cpp:78
	src/cybergarage/http/HTTPServer.cpp:84
	src/cybergarage/http/HTTPServer.cpp:93
	src/cybergarage/http/HTTPServer.cpp:98
	src/cybergarage/http/HTTPServerThread.cpp:49
	src/cybergarage/http/HTTPStatus.cpp:53
	src/cybergarage/http/HTTPStatus.cpp:62
	src/cybergarage/http/HTTPStatus.cpp:65
	src/cybergarage/http/HTTPStatus.cpp:69
	src/cybergarage/io/File.cpp:53
	src/cybergarage/io/File.cpp:93
	src/cybergarage/io/File.cpp:169
	src/cybergarage/io/File.cpp:171
	src/cybergarage/io/File.cpp:181
	src/cybergarage/io/File.cpp:183
	src/cybergarage/io/File.cpp:195
	src/cybergarage/io/File.cpp:205
	src/cybergarage/net/DatagramSocket.cpp:52
	src/cybergarage/net/DatagramSocket.cpp:62
	src/cybergarage/net/DatagramSocket.cpp:63
	src/cybergarage/net/DatagramSocket.cpp:67
	src/cybergarage/net/DatagramSocket.cpp:79
	src/cybergarage/net/DatagramSocket.cpp:137
	src/cybergarage/net/DatagramSocket.cpp:140
	src/cybergarage/net/DatagramSocket.cpp:147
	src/cybergarage/net/HostInterface.cpp:39
	src/cybergarage/net/HostInterface.cpp:40
	src/cybergarage/net/HostInterface.cpp:41
	src/cybergarage/net/HostInterface.cpp:75
	src/cybergarage/net/HostInterface.cpp:76
	src/cybergarage/net/HostInterface.cpp:80
	src/cybergarage/net/HostInterface.cpp:113
	src/cybergarage/net/HostInterface.cpp:119
	src/cybergarage/net/HostInterface.cpp:233
	src/cybergarage/net/HostInterface.cpp:237
	src/cybergarage/net/HostInterface.cpp:258
	src/cybergarage/net/HostInterface.cpp:305
	src/cybergarage/net/MulticastSocket.cpp:45
	src/cybergarage/net/MulticastSocket.cpp:60
	src/cybergarage/net/MulticastSocket.cpp:64
	src/cybergarage/net/MulticastSocket.cpp:90
	src/cybergarage/net/MulticastSocket.cpp:95
	src/cybergarage/net/MulticastSocket.cpp:129
	src/cybergarage/net/MulticastSocket.cpp:134
	src/cybergarage/net/Socket.cpp:54
	src/cybergarage/net/Socket.cpp:64
	src/cybergarage/net/Socket.cpp:71
	src/cybergarage/net/Socket.cpp:90
	src/cybergarage/net/Socket.cpp:111
	src/cybergarage/net/Socket.cpp:113
	src/cybergarage/net/Socket.cpp:119
	src/cybergarage/net/SocketImp.cpp:84
	src/cybergarage/net/SocketImp.cpp:86
	src/cybergarage/net/URI.cpp:118
	src/cybergarage/net/URL.cpp:37
	src/cybergarage/net/URL.cpp:57
	src/cybergarage/upnp/Action.cpp:90
	src/cybergarage/upnp/Action.cpp:91
	src/cybergarage/upnp/Action.cpp:101
	src/cybergarage/upnp/Action.cpp:146
	src/cybergarage/upnp/Action.cpp:182
	src/cybergarage/upnp/ControlPoint.cpp:132
	src/cybergarage/upnp/ControlPoint.cpp:196
	src/cybergarage/upnp/ControlPoint.cpp:307
	src/cybergarage/upnp/ControlPoint.cpp:316
	src/cybergarage/upnp/ControlPoint.cpp:328
	src/cybergarage/upnp/ControlPoint.cpp:347
	src/cybergarage/upnp/ControlPoint.cpp:353
	src/cybergarage/upnp/ControlPoint.cpp:366
	src/cybergarage/upnp/ControlPoint.cpp:404
	src/cybergarage/upnp/ControlPoint.cpp:407
	src/cybergarage/upnp/ControlPoint.cpp:419
	src/cybergarage/upnp/ControlPoint.cpp:420
	src/cybergarage/upnp/ControlPoint.cpp:431
	src/cybergarage/upnp/ControlPoint.cpp:434
	src/cybergarage/upnp/Device.cpp:87
	src/cybergarage/upnp/Device.cpp:97
	src/cybergarage/upnp/Device.cpp:107
	src/cybergarage/upnp/Device.cpp:124
	src/cybergarage/upnp/Device.cpp:138
	src/cybergarage/upnp/Device.cpp:183
	src/cybergarage/upnp/Device.cpp:185
	src/cybergarage/upnp/Device.cpp:228
	src/cybergarage/upnp/Device.cpp:250
	src/cybergarage/upnp/Device.cpp:254
	src/cybergarage/upnp/Device.cpp:262
	src/cybergarage/upnp/Device.cpp:284
	src/cybergarage/upnp/Device.cpp:307
	src/cybergarage/upnp/Device.cpp:489
	src/cybergarage/upnp/Device.cpp:685
	src/cybergarage/upnp/Device.cpp:770
	src/cybergarage/upnp/Device.cpp:779
	src/cybergarage/upnp/Device.cpp:784
	src/cybergarage/upnp/Device.cpp:810
	src/cybergarage/upnp/Device.cpp:810
	src/cybergarage/upnp/Device.cpp:908
	src/cybergarage/upnp/Device.cpp:917
	src/cybergarage/upnp/Device.cpp:920
	src/cybergarage/upnp/Device.cpp:932
	src/cybergarage/upnp/Device.cpp:933
	src/cybergarage/upnp/Service.cpp:116
	src/cybergarage/upnp/Service.cpp:156
	src/cybergarage/upnp/Service.cpp:263
	src/cybergarage/upnp/Service.cpp:355
	src/cybergarage/upnp/Service.cpp:360
	src/cybergarage/upnp/Service.cpp:364
	src/cybergarage/upnp/StateVariable.cpp:107
	src/cybergarage/upnp/StateVariable.cpp:136
	src/cybergarage/upnp/StateVariable.cpp:173
	src/cybergarage/upnp/StateVariable.cpp:208
	src/cybergarage/upnp/UPnP.cpp:162
	src/cybergarage/upnp/UPnP.cpp:167
	src/cybergarage/upnp/UPnP.cpp:172
	src/cybergarage/upnp/UPnP.cpp:194
	src/cybergarage/upnp/control/ActionResponse.cpp:83
	src/cybergarage/upnp/control/ActionResponse.cpp:101
	src/cybergarage/upnp/event/NotifyRequest.cpp:94
	src/cybergarage/upnp/event/NotifyRequest.cpp:97
	src/cybergarage/upnp/media/player/MediaPlayer.cpp:91
	src/cybergarage/upnp/media/server/ConnectionManager.cpp:130
	src/cybergarage/upnp/media/server/ConnectionManager.cpp:139
	src/cybergarage/upnp/media/server/ContentDirectory.cpp:182
	src/cybergarage/upnp/media/server/ContentDirectory.cpp:229
	src/cybergarage/upnp/media/server/ContentDirectory.cpp:242
	src/cybergarage/upnp/media/server/ContentDirectory.cpp:254
	src/cybergarage/upnp/media/server/ContentDirectory.cpp:285
	src/cybergarage/upnp/media/server/ContentDirectory.cpp:337
	src/cybergarage/upnp/media/server/ContentDirectory.cpp:362
	src/cybergarage/upnp/media/server/ContentDirectory.cpp:366
	src/cybergarage/upnp/media/server/ContentDirectory.cpp:375
	src/cybergarage/upnp/media/server/ContentDirectory.cpp:409
	src/cybergarage/upnp/media/server/directory/file/FileDirectory.cpp:46
	src/cybergarage/upnp/media/server/directory/file/FileDirectory.cpp:172
	src/cybergarage/upnp/media/server/directory/file/FileDirectory.cpp:181
	src/cybergarage/upnp/media/server/directory/file/FileDirectory.cpp:196
	src/cybergarage/upnp/media/server/object/ContentNode.cpp:51
	src/cybergarage/upnp/media/server/object/ContentNode.cpp:53
	src/cybergarage/upnp/media/server/object/ContentNode.cpp:58
	src/cybergarage/upnp/media/server/object/ContentNode.cpp:60
	src/cybergarage/upnp/media/server/object/ContentNode.cpp:75
	src/cybergarage/upnp/media/server/object/ContentNode.cpp:86
	src/cybergarage/upnp/media/server/object/ContentNode.cpp:162
	src/cybergarage/upnp/media/server/object/ContentNode.cpp:162
	src/cybergarage/upnp/media/server/object/DIDLLite.cpp:67
	src/cybergarage/upnp/media/server/object/container/ContainerNode.cpp:62
	src/cybergarage/upnp/media/server/object/container/ContainerNode.cpp:64
	src/cybergarage/upnp/media/server/object/format/GIFFormat.cpp:41
	src/cybergarage/upnp/media/server/object/format/GIFFormat.cpp:45
	src/cybergarage/upnp/media/server/object/format/GIFFormat.cpp:49
	src/cybergarage/upnp/media/server/object/format/GIFFormat.cpp:53
	src/cybergarage/upnp/media/server/object/format/GIFFormat.cpp:60
	src/cybergarage/upnp/media/server/object/format/JPEGFormat.cpp:41
	src/cybergarage/upnp/media/server/object/format/JPEGFormat.cpp:45
	src/cybergarage/upnp/media/server/object/format/JPEGFormat.cpp:49
	src/cybergarage/upnp/media/server/object/format/JPEGFormat.cpp:53
	src/cybergarage/upnp/media/server/object/format/JPEGFormat.cpp:60
	src/cybergarage/upnp/media/server/object/format/PNGFormat.cpp:41
	src/cybergarage/upnp/media/server/object/format/PNGFormat.cpp:45
	src/cybergarage/upnp/media/server/object/format/PNGFormat.cpp:49
	src/cybergarage/upnp/media/server/object/format/PNGFormat.cpp:53
	src/cybergarage/upnp/media/server/object/format/PNGFormat.cpp:60
	src/cybergarage/upnp/media/server/object/item/ItemNode.cpp:66
	src/cybergarage/upnp/media/server/object/item/ItemNode.cpp:68
	src/cybergarage/upnp/ssdp/HTTPMUSocket.cpp:32
	src/cybergarage/upnp/ssdp/HTTPMUSocket.cpp:33
	src/cybergarage/upnp/ssdp/HTTPMUSocket.cpp:34
	src/cybergarage/upnp/ssdp/HTTPMUSocket.cpp:36
	src/cybergarage/upnp/ssdp/HTTPMUSocket.cpp:46
	src/cybergarage/upnp/ssdp/HTTPMUSocket.cpp:47
	src/cybergarage/upnp/ssdp/SSDPNotifySocket.cpp:49
	src/cybergarage/upnp/ssdp/SSDPSearchSocket.cpp:28
	src/cybergarage/util/Debug.cpp:20
	src/cybergarage/util/StringTokenizer.cpp:26
	src/cybergarage/util/StringTokenizer.cpp:42
	src/cybergarage/util/StringTokenizer.cpp:72
	src/cybergarage/util/StringUtil.cpp:175
	src/cybergarage/util/StringUtil.cpp:178
	src/cybergarage/util/StringUtil.cpp:184
	src/cybergarage/util/StringUtil.cpp:187
	src/cybergarage/util/StringUtil.cpp:298
	src/cybergarage/util/StringUtil.cpp:301
	src/cybergarage/util/StringUtil.cpp:341
	src/cybergarage/util/StringUtil.cpp:370
	src/cybergarage/util/StringUtil.cpp:370
	src/cybergarage/util/StringUtil.cpp:371
	src/cybergarage/util/StringUtil.cpp:376
	src/cybergarage/util/StringUtil.cpp:383
	src/cybergarage/util/StringUtil.cpp:386
	src/cybergarage/util/StringUtil.cpp:391
	src/cybergarage/util/StringUtil.cpp:391
	src/cybergarage/util/StringUtil.cpp:392
	src/cybergarage/util/StringUtil.cpp:396
	src/cybergarage/util/StringUtil.cpp:400
	src/cybergarage/util/StringUtil.cpp:407
	src/cybergarage/util/StringUtil.cpp:410
	src/cybergarage/util/Thread.cpp:46
	src/cybergarage/util/Thread.cpp:67
	src/cybergarage/xml/Node.cpp:51
	src/cybergarage/xml/Node.cpp:51
	src/cybergarage/xml/Parser.cpp:247
	include/cybergarage/http/HTTP.h:86
	include/cybergarage/http/HTTPHeader.h:53
	include/cybergarage/http/HTTPPacket.h:108
	include/cybergarage/http/HTTPPacket.h:142
	include/cybergarage/http/HTTPPacket.h:250
	include/cybergarage/http/HTTPPacket.h:269
	include/cybergarage/http/HTTPRequest.h:122
	include/cybergarage/http/HTTPServerList.h:87
	include/cybergarage/http/ParameterList.h:61
	include/cybergarage/net/DatagramSocket.h:30
	include/cybergarage/net/DatagramSocket.h:33
	include/cybergarage/net/URL.h:34
	include/cybergarage/soap/SOAPRequest.h:88
	include/cybergarage/soap/SOAPRequest.h:89
	include/cybergarage/upnp/Action.h:90
	include/cybergarage/upnp/ArgumentList.h:43
	include/cybergarage/upnp/ControlPoint.h:156
	include/cybergarage/upnp/Device.h:268
	include/cybergarage/upnp/Device.h:337
	include/cybergarage/upnp/Device.h:363
	include/cybergarage/upnp/Device.h:518
	include/cybergarage/upnp/Device.h:569
	include/cybergarage/upnp/Device.h:570
	include/cybergarage/upnp/Device.h:571
	include/cybergarage/upnp/Device.h:572
	include/cybergarage/upnp/Device.h:573
	include/cybergarage/upnp/Device.h:574
	include/cybergarage/upnp/Device.h:584
	include/cybergarage/upnp/Device.h:676
	include/cybergarage/upnp/Device.h:826
	include/cybergarage/upnp/Service.h:305
	include/cybergarage/upnp/Service.h:317
	include/cybergarage/upnp/Service.h:318
	include/cybergarage/upnp/Service.h:319
	include/cybergarage/upnp/Service.h:320
	include/cybergarage/upnp/Service.h:418
	include/cybergarage/upnp/StateVariable.h:179
	include/cybergarage/upnp/StateVariable.h:188
	include/cybergarage/upnp/StateVariable.h:189
	include/cybergarage/upnp/device/MAN.h:33
	include/cybergarage/upnp/device/MAN.h:34
	include/cybergarage/upnp/device/ST.h:37
	include/cybergarage/upnp/device/ST.h:38
	include/cybergarage/upnp/device/ST.h:49
	include/cybergarage/upnp/device/ST.h:50
	include/cybergarage/upnp/device/ST.h:61
	include/cybergarage/upnp/device/ST.h:62
	include/cybergarage/upnp/device/ST.h:73
	include/cybergarage/upnp/device/ST.h:74
	include/cybergarage/upnp/device/ST.h:85
	include/cybergarage/upnp/device/ST.h:86
	include/cybergarage/upnp/event/SubscriptionRequest.h:105
	include/cybergarage/upnp/event/SubscriptionRequest.h:129
	include/cybergarage/upnp/media/server/ContentDirectory.h:191
	include/cybergarage/upnp/media/server/ContentDirectory.h:218
	include/cybergarage/upnp/media/server/MediaServer.h:138
	include/cybergarage/upnp/media/server/MediaServer.h:145
	include/cybergarage/upnp/media/server/action/BrowseAction.h:71
	include/cybergarage/upnp/media/server/action/BrowseAction.h:77
	include/cybergarage/upnp/media/server/object/ContentNode.h:178
	include/cybergarage/upnp/media/server/object/ContentNodeList.h:34
	include/cybergarage/upnp/media/server/object/ContentProperty.h:123
	include/cybergarage/upnp/media/server/object/format/DefaultFormat.h:75
	include/cybergarage/upnp/ssdp/HTTPUSocket.h:58
	include/cybergarage/upnp/ssdp/SSDPNotifySocketList.h:76
	include/cybergarage/upnp/ssdp/SSDPPacket.h:191
	include/cybergarage/upnp/ssdp/SSDPPacket.h:192
	include/cybergarage/upnp/ssdp/SSDPPacket.h:241
	include/cybergarage/upnp/ssdp/SSDPSearchRequest.h:71
	include/cybergarage/upnp/ssdp/SSDPSearchResponseSocketList.h:76
	include/cybergarage/upnp/ssdp/SSDPSearchResponseSocketList.h:123
	include/cybergarage/upnp/ssdp/SSDPSearchResponseSocketList.h:130
	include/cybergarage/upnp/ssdp/SSDPSearchSocketList.h:70
	include/cybergarage/upnp/xml/DeviceData.h:154
	include/cybergarage/util/Debug.h:35
	include/cybergarage/util/Debug.h:50
	include/cybergarage/util/StringUtil.h:67
	include/cybergarage/util/StringUtil.h:68
	include/cybergarage/util/Vector.h:36
	include/cybergarage/util/Vector.h:45
	include/cybergarage/util/Vector.h:72
	include/cybergarage/xml/AttributeList.h:47
	include/cybergarage/xml/Node.h:123
	include/cybergarage/xml/Node.h:188
	include/cybergarage/xml/Node.h:285
	include/cybergarage/xml/Node.h:354
	include/cybergarage/xml/Node.h:362
	sample/clock/ClockDevice.cpp:50
	sample/clock/ClockDevice.cpp:59
	sample/clock/ClockDevice.cpp:74
	sample/media/server/MediaGate.cpp:42
	sample/media/server/MediaGate.cpp:106
	sample/media/server/MediaGate.cpp:116
	sample/media/serverdump/serverdump.cpp:63
	sample/tv/TvDevice.cpp:96
	sample/tv/TvDevice.cpp:136
	sample/tv/TvDevice.cpp:138
	sample/tv/TvDevice.cpp:157
	sample/tv/TvDevice.cpp:166
	sample/tv/TvDevice.cpp:177
	sample/tv/TvDevice.cpp:182
	sample/tv/TvDevice.cpp:191
	sample/tv/TvDevice.cpp:208
	sample/tv/TvDevice.cpp:210
	sample/tv/TvDevice.cpp:236
	sample/tv/TvDevice.cpp:238
	sample/upnpdump/CtrlPoint.cpp:40
	sample/upnpdump/CtrlPoint.cpp:45
	sample/upnpdump/CtrlPoint.cpp:54
	src/cybergarage/http/HTTPPacket.cpp:112
	src/cybergarage/http/HTTPPacket.cpp:163
	src/cybergarage/http/HTTPPacket.cpp:165
	src/cybergarage/http/HTTPPacket.cpp:171
	src/cybergarage/http/HTTPPacket.cpp:180
	src/cybergarage/http/HTTPPacket.cpp:182
	src/cybergarage/http/HTTPPacket.cpp:264
	src/cybergarage/http/HTTPPacket.cpp:266
	src/cybergarage/http/HTTPPacket.cpp:279
	src/cybergarage/http/HTTPRequest.cpp:129
	src/cybergarage/http/HTTPServer.cpp:56
	src/cybergarage/http/HTTPServer.cpp:64
	src/cybergarage/http/HTTPServer.cpp:84
	src/cybergarage/http/HTTPServer.cpp:96
	src/cybergarage/http/HTTPSocket.cpp:55
	src/cybergarage/http/HTTPSocket.cpp:65
	src/cybergarage/http/HTTPSocket.cpp:84
	src/cybergarage/http/HTTPSocket.cpp:110
	src/cybergarage/http/HTTPSocket.cpp:120
	src/cybergarage/io/File.cpp:55
	src/cybergarage/io/File.cpp:169
	src/cybergarage/io/File.cpp:171
	src/cybergarage/io/File.cpp:181
	src/cybergarage/io/File.cpp:183
	src/cybergarage/io/File.cpp:195
	src/cybergarage/net/DatagramSocket.cpp:72
	src/cybergarage/net/DatagramSocket.cpp:73
	src/cybergarage/net/DatagramSocket.cpp:84
	src/cybergarage/net/HostInterface.cpp:49
	src/cybergarage/net/HostInterface.cpp:58
	src/cybergarage/net/HostInterface.cpp:74
	src/cybergarage/net/HostInterface.cpp:78
	src/cybergarage/net/HostInterface.cpp:79
	src/cybergarage/net/HostInterface.cpp:82
	src/cybergarage/net/HostInterface.cpp:163
	src/cybergarage/net/HostInterface.cpp:166
	src/cybergarage/net/HostInterface.cpp:208
	src/cybergarage/net/HostInterface.cpp:236
	src/cybergarage/net/HostInterface.cpp:247
	src/cybergarage/net/HostInterface.cpp:275
	src/cybergarage/net/HostInterface.cpp:305
	src/cybergarage/net/MulticastSocket.cpp:45
	src/cybergarage/net/MulticastSocket.cpp:67
	src/cybergarage/net/MulticastSocket.cpp:70
	src/cybergarage/net/MulticastSocket.cpp:141
	src/cybergarage/net/Socket.cpp:76
	src/cybergarage/net/Socket.cpp:94
	src/cybergarage/net/Socket.cpp:119
	src/cybergarage/net/SocketImp.cpp:84
	src/cybergarage/net/SocketImp.cpp:86
	src/cybergarage/net/SocketImp.cpp:96
	src/cybergarage/net/SocketImp.cpp:112
	src/cybergarage/net/URI.cpp:117
	src/cybergarage/net/URL.cpp:28
	src/cybergarage/net/URL.cpp:35
	src/cybergarage/net/URL.cpp:36
	src/cybergarage/net/URL.cpp:66
	src/cybergarage/upnp/Action.cpp:89
	src/cybergarage/upnp/Action.cpp:105
	src/cybergarage/upnp/Action.cpp:107
	src/cybergarage/upnp/Action.cpp:150
	src/cybergarage/upnp/Action.cpp:157
	src/cybergarage/upnp/Action.cpp:161
	src/cybergarage/upnp/Action.cpp:174
	src/cybergarage/upnp/Action.cpp:178
	src/cybergarage/upnp/Action.cpp:185
	src/cybergarage/upnp/ArgumentList.cpp:34
	src/cybergarage/upnp/ArgumentList.cpp:57
	src/cybergarage/upnp/ControlPoint.cpp:110
	src/cybergarage/upnp/ControlPoint.cpp:215
	src/cybergarage/upnp/ControlPoint.cpp:237
	src/cybergarage/upnp/ControlPoint.cpp:238
	src/cybergarage/upnp/ControlPoint.cpp:240
	src/cybergarage/upnp/ControlPoint.cpp:248
	src/cybergarage/upnp/ControlPoint.cpp:270
	src/cybergarage/upnp/ControlPoint.cpp:274
	src/cybergarage/upnp/ControlPoint.cpp:300
	src/cybergarage/upnp/ControlPoint.cpp:321
	src/cybergarage/upnp/ControlPoint.cpp:335
	src/cybergarage/upnp/ControlPoint.cpp:338
	src/cybergarage/upnp/ControlPoint.cpp:344
	src/cybergarage/upnp/ControlPoint.cpp:364
	src/cybergarage/upnp/ControlPoint.cpp:377
	src/cybergarage/upnp/ControlPoint.cpp:455
	src/cybergarage/upnp/ControlPoint.cpp:487
	src/cybergarage/upnp/Device.cpp:117
	src/cybergarage/upnp/Device.cpp:130
	src/cybergarage/upnp/Device.cpp:169
	src/cybergarage/upnp/Device.cpp:185
	src/cybergarage/upnp/Device.cpp:227
	src/cybergarage/upnp/Device.cpp:265
	src/cybergarage/upnp/Device.cpp:321
	src/cybergarage/upnp/Device.cpp:344
	src/cybergarage/upnp/Device.cpp:367
	src/cybergarage/upnp/Device.cpp:392
	src/cybergarage/upnp/Device.cpp:456
	src/cybergarage/upnp/Device.cpp:616
	src/cybergarage/upnp/Device.cpp:627
	src/cybergarage/upnp/Device.cpp:630
	src/cybergarage/upnp/Device.cpp:635
	src/cybergarage/upnp/Device.cpp:640
	src/cybergarage/upnp/Device.cpp:640
	src/cybergarage/upnp/Device.cpp:679
	src/cybergarage/upnp/Device.cpp:693
	src/cybergarage/upnp/Device.cpp:702
	src/cybergarage/upnp/Device.cpp:745
	src/cybergarage/upnp/Device.cpp:757
	src/cybergarage/upnp/Device.cpp:776
	src/cybergarage/upnp/Device.cpp:801
	src/cybergarage/upnp/Device.cpp:816
	src/cybergarage/upnp/Device.cpp:822
	src/cybergarage/upnp/Device.cpp:828
	src/cybergarage/upnp/Device.cpp:951
	src/cybergarage/upnp/Device.cpp:956
	src/cybergarage/upnp/Device.cpp:975
	src/cybergarage/upnp/Service.cpp:133
	src/cybergarage/upnp/Service.cpp:173
	src/cybergarage/upnp/Service.cpp:267
	src/cybergarage/upnp/Service.cpp:357
	src/cybergarage/upnp/Service.cpp:358
	src/cybergarage/upnp/Service.cpp:362
	src/cybergarage/upnp/Service.cpp:363
	src/cybergarage/upnp/Service.cpp:383
	src/cybergarage/upnp/Service.cpp:401
	src/cybergarage/upnp/StateVariable.cpp:179
	src/cybergarage/upnp/StateVariable.cpp:188
	src/cybergarage/upnp/StateVariable.cpp:199
	src/cybergarage/upnp/StateVariable.cpp:203
	src/cybergarage/upnp/StateVariable.cpp:211
	src/cybergarage/upnp/UPnP.cpp:116
	src/cybergarage/upnp/UPnP.cpp:121
	src/cybergarage/upnp/UPnP.cpp:126
	src/cybergarage/upnp/control/ControlRequest.cpp:60
	src/cybergarage/upnp/control/ControlRequest.cpp:68
	src/cybergarage/upnp/device/Advertiser.cpp:32
	src/cybergarage/upnp/device/Disposer.cpp:31
	src/cybergarage/upnp/event/NotifyRequest.cpp:66
	src/cybergarage/upnp/event/SubscriptionRequest.cpp:49
	src/cybergarage/upnp/media/player/MediaPlayer.cpp:139
	src/cybergarage/upnp/media/player/MediaPlayer.cpp:142
	src/cybergarage/upnp/media/player/MediaPlayer.cpp:150
	src/cybergarage/upnp/media/server/ConnectionManager.cpp:100
	src/cybergarage/upnp/media/server/ConnectionManager.cpp:107
	src/cybergarage/upnp/media/server/ConnectionManager.cpp:111
	src/cybergarage/upnp/media/server/ConnectionManager.cpp:122
	src/cybergarage/upnp/media/server/ConnectionManager.cpp:127
	src/cybergarage/upnp/media/server/ContentDirectory.cpp:175
	src/cybergarage/upnp/media/server/ContentDirectory.cpp:189
	src/cybergarage/upnp/media/server/ContentDirectory.cpp:211
	src/cybergarage/upnp/media/server/ContentDirectory.cpp:220
	src/cybergarage/upnp/media/server/ContentDirectory.cpp:226
	src/cybergarage/upnp/media/server/ContentDirectory.cpp:238
	src/cybergarage/upnp/media/server/ContentDirectory.cpp:240
	src/cybergarage/upnp/media/server/ContentDirectory.cpp:269
	src/cybergarage/upnp/media/server/ContentDirectory.cpp:283
	src/cybergarage/upnp/media/server/ContentDirectory.cpp:334
	src/cybergarage/upnp/media/server/ContentDirectory.cpp:400
	src/cybergarage/upnp/media/server/ContentDirectory.cpp:522
	src/cybergarage/upnp/media/server/directory/file/FileDirectory.cpp:93
	src/cybergarage/upnp/media/server/directory/file/FileDirectory.cpp:116
	src/cybergarage/upnp/media/server/directory/file/FileDirectory.cpp:120
	src/cybergarage/upnp/media/server/directory/file/FileDirectory.cpp:150
	src/cybergarage/upnp/media/server/directory/file/FileDirectory.cpp:166
	src/cybergarage/upnp/media/server/directory/file/FileDirectory.cpp:176
	src/cybergarage/upnp/media/server/directory/file/FileDirectory.cpp:199
	src/cybergarage/upnp/media/server/directory/file/FileDirectory.cpp:209
	src/cybergarage/upnp/media/server/directory/file/FileDirectory.cpp:210
	src/cybergarage/upnp/media/server/directory/file/FileDirectory.cpp:216
	src/cybergarage/upnp/media/server/object/ContentNode.cpp:51
	src/cybergarage/upnp/media/server/object/ContentNode.cpp:53
	src/cybergarage/upnp/media/server/object/ContentNode.cpp:58
	src/cybergarage/upnp/media/server/object/ContentNode.cpp:60
	src/cybergarage/upnp/media/server/object/ContentNode.cpp:72
	src/cybergarage/upnp/media/server/object/ContentNode.cpp:73
	src/cybergarage/upnp/media/server/object/ContentNode.cpp:83
	src/cybergarage/upnp/media/server/object/ContentNode.cpp:84
	src/cybergarage/upnp/media/server/object/ContentNode.cpp:126
	src/cybergarage/upnp/media/server/object/ContentNode.cpp:128
	src/cybergarage/upnp/media/server/object/ContentNode.cpp:180
	src/cybergarage/upnp/media/server/object/ContentNode.cpp:189
	src/cybergarage/upnp/media/server/object/ContentNode.cpp:193
	src/cybergarage/upnp/media/server/object/ContentNodeList.cpp:44
	src/cybergarage/upnp/media/server/object/FormatList.cpp:50
	src/cybergarage/upnp/media/server/object/container/ContainerNode.cpp:64
	src/cybergarage/upnp/media/server/object/format/GIFFormat.cpp:58
	src/cybergarage/upnp/media/server/object/format/JPEGFormat.cpp:58
	src/cybergarage/upnp/media/server/object/format/PNGFormat.cpp:58
	src/cybergarage/upnp/media/server/object/item/ItemNode.cpp:68
	src/cybergarage/upnp/media/server/object/item/file/FileItemNodeList.cpp:32
	src/cybergarage/upnp/ssdp/HTTPMUSocket.cpp:30
	src/cybergarage/upnp/ssdp/HTTPMUSocket.cpp:41
	src/cybergarage/upnp/ssdp/HTTPMUSocket.cpp:48
	src/cybergarage/upnp/ssdp/HTTPMUSocket.cpp:62
	src/cybergarage/upnp/ssdp/HTTPUSocket.cpp:31
	src/cybergarage/upnp/ssdp/SSDPNotifySocket.cpp:50
	src/cybergarage/upnp/ssdp/SSDPNotifySocket.cpp:52
	src/cybergarage/upnp/ssdp/SSDPNotifySocket.cpp:71
	src/cybergarage/upnp/ssdp/SSDPNotifySocket.cpp:84
	src/cybergarage/upnp/ssdp/SSDPSearchResponseSocket.cpp:28
	src/cybergarage/upnp/ssdp/SSDPSearchSocket.cpp:29
	src/cybergarage/upnp/ssdp/SSDPSearchSocket.cpp:31
	src/cybergarage/upnp/ssdp/SSDPSearchSocket.cpp:48
	src/cybergarage/upnp/ssdp/SSDPSearchSocket.cpp:53
	src/cybergarage/util/StringTokenizer.cpp:38
	src/cybergarage/util/StringTokenizer.cpp:68
	src/cybergarage/util/StringUtil.cpp:177
	src/cybergarage/util/StringUtil.cpp:186
	src/cybergarage/util/StringUtil.cpp:300
	src/cybergarage/util/StringUtil.cpp:340
	src/cybergarage/util/StringUtil.cpp:375
	src/cybergarage/util/StringUtil.cpp:385
	src/cybergarage/util/StringUtil.cpp:399
	src/cybergarage/util/StringUtil.cpp:409
	src/cybergarage/util/Thread.cpp:51
	src/cybergarage/util/Thread.cpp:66
	src/cybergarage/xml/Node.cpp:66
	src/cybergarage/xml/NodeList.cpp:51
	src/cybergarage/xml/NodeList.cpp:68
autoscan: warning: missing AC_PATH_X wanted by: 
	sample/clock/unix/ClockMain.cpp:27
	sample/tv/unix/TvMain.cpp:27
autoscan: warning: missing AC_PROG_GCC_TRADITIONAL wanted by: 
	sample/common/InputUtil.cpp:32
autoscan: warning: missing AC_TYPE_SIZE_T wanted by: 
	src/cybergarage/xml/XML.cpp:75
	src/cybergarage/xml/XML.cpp:76
	src/cybergarage/xml/XML.cpp:78
	src/cybergarage/xml/XML.cpp:107
	src/cybergarage/xml/XML.cpp:108
